<?xml version="1.0" encoding="UTF-8"?>
<!-- Generated by org.testng.reporters.JUnitReportReporter -->
<testsuite hostname="DESKTOP-TEEU60O" failures="0" tests="1" name="Testng.ParameterizationExample" time="0.000" errors="1" timestamp="2020-04-08T09:04:44 IST" skipped="0">
  <testcase classname="Testng.ParameterizationExample" name="printname" time="0.000">
    <error message="
Parameter &#039;Name&#039; is required by @Test on method printname but has not been marked @Optional or defined
in C:\Users\Arun Ragavan\eclipse-workspace\Selenium_Training\TestNG.xml" type="org.testng.TestNGException">
      <![CDATA[org.testng.TestNGException: 
Parameter 'Name' is required by @Test on method printname but has not been marked @Optional or defined
in C:\Users\Arun Ragavan\eclipse-workspace\Selenium_Training\TestNG.xml
at org.testng.internal.Parameters.createParams(Parameters.java:323)
at org.testng.internal.Parameters.createParametersForMethod(Parameters.java:411)
at org.testng.internal.Parameters.createParameters(Parameters.java:734)
at org.testng.internal.Parameters.handleParameters(Parameters.java:905)
at org.testng.internal.Parameters.handleParameters(Parameters.java:775)
at org.testng.internal.ParameterHandler.handleParameters(ParameterHandler.java:60)
at org.testng.internal.ParameterHandler.createParameters(ParameterHandler.java:39)
at org.testng.internal.Invoker.invokeTestMethods(Invoker.java:1049)
at org.testng.internal.TestMethodWorker.invokeTestMethods(TestMethodWorker.java:140)
at org.testng.internal.TestMethodWorker.run(TestMethodWorker.java:122)
at java.base/java.util.concurrent.ThreadPoolExecutor.runWorker(ThreadPoolExecutor.java:1128)
at java.base/java.util.concurrent.ThreadPoolExecutor$Worker.run(ThreadPoolExecutor.java:628)
at java.base/java.lang.Thread.run(Thread.java:834)
]]>
    </error>
  </testcase> <!-- printname -->
</testsuite> <!-- Testng.ParameterizationExample -->
